<?xml version="1.0" encoding="UTF-8"?>

<beans xmlns="http://www.springframework.org/schema/beans"
	    xmlns:xsi="http://www.w3.org/2001/XMLSchema-instance"
	    xmlns:jaxws="http://cxf.apache.org/jaxws"
	    xmlns:p="http://www.springframework.org/schema/p" 
	    xmlns:tx="http://www.springframework.org/schema/tx"
	    xmlns:context="http://www.springframework.org/schema/context"
	    xmlns:mvc="http://www.springframework.org/schema/mvc"
	        xsi:schemaLocation="
 
	http://www.springframework.org/schema/beans	 
	http://www.springframework.org/schema/beans/spring-beans-3.0.xsd
	 
	http://www.springframework.org/schema/mvc	 
	http://www.springframework.org/schema/mvc/spring-mvc-3.0.xsd
	
	http://www.springframework.org/schema/context
	http://www.springframework.org/schema/context/spring-context-3.0.xsd
	
	http://cxf.apache.org/jaxws 
	http://cxf.apache.org/schemas/jaxws.xsd
	
	http://www.springframework.org/schema/tx 
	http://www.springframework.org/schema/tx/spring-tx.xsd">
 

	<!--
		Instruct Spring to perform declarative transaction management
		automatically on annotated classes.
	-->	
	<tx:annotation-driven transaction-manager="transactionManager" /> 
	
    <!-- ========================= MyBATIS configuration ========================= -->
	<bean id="adminToolsDao" class="org.mybatis.spring.mapper.MapperFactoryBean">
	   <property name="mapperInterface" value="org.podcastpedia.admin.dao.AdminToolsDao" />
	</bean>		
	<bean id="deleteDao" class="org.mybatis.spring.mapper.MapperFactoryBean">
	   <property name="mapperInterface" value="org.podcastpedia.admin.dao.DeleteDao" />
	</bean>		
	<bean id="updateDao" class="org.mybatis.spring.mapper.MapperFactoryBean">
	   <property name="mapperInterface" value="org.podcastpedia.admin.dao.UpdateDao" />
	</bean>		
	 <bean id="sqlSessionFactory" class="org.mybatis.spring.SqlSessionFactoryBean">
		<property name="dataSource" ref="dataSource" />
		<property name="configLocation" value="classpath:config/mybatisV3-config.xml"/>
	 </bean>	
		 
	<!-- ========================= RESOURCE DEFINITIONS ========================= -->

    <!-- import the dataSource definition -->
    <import resource="data-source-test.xml"/>  
    
	<!-- needed for transactional behaviors in the Spring-driven JUnit test -->
    <bean id="transactionManager"
          class="org.springframework.jdbc.datasource.DataSourceTransactionManager">
        <property name="dataSource" ref="dataSource"/>
    </bean> 
        
</beans>
